<?xml version="1.0" encoding="UTF-8"?>
<!-- Generated by org.testng.reporters.JUnitXMLReporter -->
<testsuite ignored="1" hostname="deepak-pc" failures="0" tests="1" name="Buy/Return" time="56.74" errors="0" timestamp="16 Sep 2025 12:18:41 GMT">
  <testcase classname="tests.MemoStoneReturnAndBuyTest" name="verifyBuyTheMemoStone" time="54.786"/>
  <testcase classname="tests.MemoStoneReturnAndBuyTest" name="verifyReturnTheMemoStone" time="0.0">
    <ignored/>
  </testcase> <!-- verifyReturnTheMemoStone -->
</testsuite> <!-- Buy/Return -->
