<?xml version="1.0" encoding="UTF-8"?>
<!-- Generated by org.testng.reporters.JUnitXMLReporter -->
<testsuite ignored="0" hostname="deepak-pc" failures="0" tests="4" name="PurchaseLabGrownStone" time="220.161" errors="0" timestamp="23 Dec 2025 10:09:31 GMT">
  <testcase classname="tests.PurchaseWorkflowForLabGrownStoneTest" name="verifyUserCanPlaceOrderUsingBuyForLabGrownStone" time="56.588"/>
  <testcase classname="tests.PurchaseWorkflowForLabGrownStoneTest" name="verifyUserCanPlaceOfferUsingMemoForLabGrownStone" time="49.283"/>
  <testcase classname="tests.PurchaseWorkflowForLabGrownStoneTest" name="verifyUserCanPlaceOrderUsingBuyWithMultipleLabGrownStone" time="57.004"/>
  <testcase classname="tests.PurchaseWorkflowForLabGrownStoneTest" name="verifyUserCanPlaceOfferUsingMemoWithMultipleLabGrownStone" time="52.611"/>
</testsuite> <!-- PurchaseLabGrownStone -->
