<?xml version="1.0" encoding="UTF-8"?>
<!-- Generated by org.testng.reporters.JUnitXMLReporter -->
<testsuite ignored="0" hostname="deepak-pc" failures="0" tests="4" name="PurchaseLabGrownStone" time="216.974" errors="0" timestamp="02 Dec 2025 07:59:24 GMT">
  <testcase classname="tests.PurchaseWorkflowForLabGrownStoneTest" name="verifyUserCanPlaceOrderUsingBuyForLabGrownStone" time="49.031"/>
  <testcase classname="tests.PurchaseWorkflowForLabGrownStoneTest" name="verifyUserCanPlaceOfferUsingMemoForLabGrownStone" time="61.167"/>
  <testcase classname="tests.PurchaseWorkflowForLabGrownStoneTest" name="verifyUserCanPlaceOrderUsingBuyWithMultipleLabGrownStone" time="47.935"/>
  <testcase classname="tests.PurchaseWorkflowForLabGrownStoneTest" name="verifyUserCanPlaceOfferUsingMemoWithMultipleLabGrownStone" time="54.108"/>
</testsuite> <!-- PurchaseLabGrownStone -->
