<?xml version="1.0" encoding="UTF-8"?>
<!-- Generated by org.testng.reporters.JUnitXMLReporter -->
<testsuite ignored="6" hostname="deepak-pc" failures="0" tests="2" name="PurchaseNaturalStone" time="146.78" errors="0" timestamp="16 Dec 2025 10:08:17 GMT">
  <testcase classname="tests.PurchaseWorkflowForNaturalStoneTest" name="verifyUserCanPlaceOfferUsingMemoForNaturalStone" time="78.592"/>
  <testcase classname="tests.PurchaseWorkflowForNaturalStoneTest" name="verifyUserCanPlaceOfferUsingMemoWithMultipleNaturalStones" time="65.251"/>
  <testcase classname="tests.PurchaseWorkflowForNaturalStoneTest" name="verifyUserCanPlaceBidOfferFromStoneDetails" time="0.0">
    <ignored/>
  </testcase> <!-- verifyUserCanPlaceBidOfferFromStoneDetails -->
  <testcase classname="tests.PurchaseWorkflowForNaturalStoneTest" name="verifyUserCanPlaceOrderUsingBuyForNaturalStone" time="0.0">
    <ignored/>
  </testcase> <!-- verifyUserCanPlaceOrderUsingBuyForNaturalStone -->
  <testcase classname="tests.PurchaseWorkflowForNaturalStoneTest" name="verifyUserCanPlaceOfferUsingBidForNaturalStone" time="0.0">
    <ignored/>
  </testcase> <!-- verifyUserCanPlaceOfferUsingBidForNaturalStone -->
  <testcase classname="tests.PurchaseWorkflowForNaturalStoneTest" name="verifyUserCanPlaceOrderUsingBuyWithMultipleNaturalStones" time="0.0">
    <ignored/>
  </testcase> <!-- verifyUserCanPlaceOrderUsingBuyWithMultipleNaturalStones -->
  <testcase classname="tests.PurchaseWorkflowForNaturalStoneTest" name="verifyUserCanPlaceMemoOfferFromStoneDetails" time="0.0">
    <ignored/>
  </testcase> <!-- verifyUserCanPlaceMemoOfferFromStoneDetails -->
  <testcase classname="tests.PurchaseWorkflowForNaturalStoneTest" name="verifyUserCanPlaceOfferUsingBidWithMultipleNaturalStones" time="0.0">
    <ignored/>
  </testcase> <!-- verifyUserCanPlaceOfferUsingBidWithMultipleNaturalStones -->
</testsuite> <!-- PurchaseNaturalStone -->
