<?xml version="1.0" encoding="UTF-8"?>
<!-- Generated by org.testng.reporters.JUnitXMLReporter -->
<testsuite ignored="0" hostname="deepak-pc" failures="0" tests="6" name="PurchaseNaturalStone" time="648.309" errors="0" timestamp="10 Sep 2025 05:50:21 GMT">
  <testcase classname="tests.PurchaseWorkflowForNaturalStoneTest" name="verifyUserCanPlaceOrderUsingBuyForNaturalStone" time="158.541"/>
  <testcase classname="tests.PurchaseWorkflowForNaturalStoneTest" name="verifyUserCanPlaceOfferUsingMemoForNaturalStone" time="102.439"/>
  <testcase classname="tests.PurchaseWorkflowForNaturalStoneTest" name="verifyUserCanPlaceOfferUsingBidForNaturalStone" time="89.549"/>
  <testcase classname="tests.PurchaseWorkflowForNaturalStoneTest" name="verifyUserCanPlaceOrderUsingBuyWithMultipleNaturalStones" time="96.636"/>
  <testcase classname="tests.PurchaseWorkflowForNaturalStoneTest" name="verifyUserCanPlaceOfferUsingMemoWithMultipleNaturalStones" time="99.189"/>
  <testcase classname="tests.PurchaseWorkflowForNaturalStoneTest" name="verifyUserCanPlaceOfferUsingBidWithMultipleNaturalStones" time="96.269"/>
</testsuite> <!-- PurchaseNaturalStone -->
