<?xml version="1.0" encoding="UTF-8"?>
<!-- Generated by org.testng.reporters.JUnitXMLReporter -->
<testsuite ignored="4" hostname="deepak-pc" failures="0" tests="4" name="PurchaseNaturalStone" time="251.903" errors="0" timestamp="23 Dec 2025 10:05:35 GMT">
  <testcase classname="tests.PurchaseWorkflowForNaturalStoneTest" name="verifyUserCanPlaceOrderUsingBuyForNaturalStone" time="58.076"/>
  <testcase classname="tests.PurchaseWorkflowForNaturalStoneTest" name="verifyUserCanPlaceOfferUsingBidForNaturalStone" time="61.634"/>
  <testcase classname="tests.PurchaseWorkflowForNaturalStoneTest" name="verifyUserCanPlaceOrderUsingBuyWithMultipleNaturalStones" time="61.396"/>
  <testcase classname="tests.PurchaseWorkflowForNaturalStoneTest" name="verifyUserCanPlaceOfferUsingBidWithMultipleNaturalStones" time="65.691"/>
  <testcase classname="tests.PurchaseWorkflowForNaturalStoneTest" name="verifyUserCanPlaceBidOfferFromStoneDetails" time="0.0">
    <ignored/>
  </testcase> <!-- verifyUserCanPlaceBidOfferFromStoneDetails -->
  <testcase classname="tests.PurchaseWorkflowForNaturalStoneTest" name="verifyUserCanPlaceOfferUsingMemoWithMultipleNaturalStones" time="0.0">
    <ignored/>
  </testcase> <!-- verifyUserCanPlaceOfferUsingMemoWithMultipleNaturalStones -->
  <testcase classname="tests.PurchaseWorkflowForNaturalStoneTest" name="verifyUserCanPlaceOfferUsingMemoForNaturalStone" time="0.0">
    <ignored/>
  </testcase> <!-- verifyUserCanPlaceOfferUsingMemoForNaturalStone -->
  <testcase classname="tests.PurchaseWorkflowForNaturalStoneTest" name="verifyUserCanPlaceMemoOfferFromStoneDetails" time="0.0">
    <ignored/>
  </testcase> <!-- verifyUserCanPlaceMemoOfferFromStoneDetails -->
</testsuite> <!-- PurchaseNaturalStone -->
