<?xml version="1.0" encoding="UTF-8"?>
<!-- Generated by org.testng.reporters.JUnitXMLReporter -->
<testsuite ignored="0" hostname="deepak-pc" failures="3" tests="5" name="retailerPrice" time="385.263" errors="0" timestamp="16 Dec 2025 10:14:56 GMT">
  <testcase classname="tests.CriticalSheetTest" name="verifyThePricesWithMarkupForRetailerUser" time="113.716"/>
  <testcase classname="tests.CriticalSheetTest" name="VerifyPriceOnAllMediaIconsForEveryPage" time="70.414">
    <failure type="java.lang.AssertionError" message="expected [true] but found [false]">
      <![CDATA[java.lang.AssertionError: expected [true] but found [false]
at tests.CriticalSheetTest.VerifyPriceOnAllMediaIconsForEveryPage(CriticalSheetTest.java:77)
... Removed 27 stack frames]]>
    </failure>
  </testcase> <!-- VerifyPriceOnAllMediaIconsForEveryPage -->
  <testcase classname="tests.CriticalSheetTest" name="verifyUniDiscountShouldNotShowAfterAddTheQC" time="61.816">
    <failure type="org.openqa.selenium.TimeoutException" message="Expected condition failed: waiting for utils.ElementUtils$$Lambda/0x00007046d043f0c8@24f3fb87 (tried for 30 second(s) with 500 milliseconds interval)
Build info: version: &amp;apos;4.1.3&amp;apos;, revision: &amp;apos;7b1ebf28ef&amp;apos;
System info: host: &amp;apos;deepak-pc&amp;apos;, ip: &amp;apos;192.168.50.252&amp;apos;, os.name: &amp;apos;Linux&amp;apos;, os.arch: &amp;apos;amd64&amp;apos;, os.version: &amp;apos;6.11.0-29-generic&amp;apos;, java.version: &amp;apos;21.0.7&amp;apos;
Driver info: org.openqa.selenium.chrome.ChromeDriver
Capabilities {acceptInsecureCerts: false, browserName: chrome, browserVersion: 139.0.7258.66, chrome: {chromedriverVersion: 139.0.7258.154 (9e0d6b2b47f..., userDataDir: /tmp/.org.chromium.Chromium...}, fedcm:accounts: true, goog:chromeOptions: {debuggerAddress: localhost:42773}, javascriptEnabled: true, networkConnectionEnabled: false, pageLoadStrategy: normal, platform: LINUX, platformName: LINUX, proxy: Proxy(), se:cdp: ws://localhost:42773/devtoo..., se:cdpVersion: 139.0.7258.66, setWindowRect: true, strictFileInteractability: false, timeouts: {implicit: 0, pageLoad: 300000, script: 30000}, unhandledPromptBehavior: dismiss and notify, webauthn:extension:credBlob: true, webauthn:extension:largeBlob: true, webauthn:extension:minPinLength: true, webauthn:extension:prf: true, webauthn:virtualAuthenticators: true}
Session ID: 6c18e3c0adc4fbee796e56b8fe6295fa">
      <![CDATA[org.openqa.selenium.TimeoutException: Expected condition failed: waiting for utils.ElementUtils$$Lambda/0x00007046d043f0c8@24f3fb87 (tried for 30 second(s) with 500 milliseconds interval)
Build info: version: '4.1.3', revision: '7b1ebf28ef'
System info: host: 'deepak-pc', ip: '192.168.50.252', os.name: 'Linux', os.arch: 'amd64', os.version: '6.11.0-29-generic', java.version: '21.0.7'
Driver info: org.openqa.selenium.chrome.ChromeDriver
Capabilities {acceptInsecureCerts: false, browserName: chrome, browserVersion: 139.0.7258.66, chrome: {chromedriverVersion: 139.0.7258.154 (9e0d6b2b47f..., userDataDir: /tmp/.org.chromium.Chromium...}, fedcm:accounts: true, goog:chromeOptions: {debuggerAddress: localhost:42773}, javascriptEnabled: true, networkConnectionEnabled: false, pageLoadStrategy: normal, platform: LINUX, platformName: LINUX, proxy: Proxy(), se:cdp: ws://localhost:42773/devtoo..., se:cdpVersion: 139.0.7258.66, setWindowRect: true, strictFileInteractability: false, timeouts: {implicit: 0, pageLoad: 300000, script: 30000}, unhandledPromptBehavior: dismiss and notify, webauthn:extension:credBlob: true, webauthn:extension:largeBlob: true, webauthn:extension:minPinLength: true, webauthn:extension:prf: true, webauthn:virtualAuthenticators: true}
Session ID: 6c18e3c0adc4fbee796e56b8fe6295fa
at org.openqa.selenium.support.ui.WebDriverWait.timeoutException(WebDriverWait.java:87)
at org.openqa.selenium.support.ui.FluentWait.until(FluentWait.java:231)
at utils.ElementUtils.waitForExactNumberOfElements(ElementUtils.java:261)
at pages.ShoppingCart.isSingleSearchResultPresent(ShoppingCart.java:75)
at tests.CriticalSheetTest.verifyUniDiscountShouldNotShowAfterAddTheQC(CriticalSheetTest.java:108)
... Removed 23 stack frames]]>
    </failure>
  </testcase> <!-- verifyUniDiscountShouldNotShowAfterAddTheQC -->
  <testcase classname="tests.CriticalSheetTest" name="verifyUserIsNotAbleToPlaceBidOfferForTheQcStone" time="100.341">
    <failure type="org.openqa.selenium.TimeoutException" message="Expected condition failed: waiting for visibility of element located by By.cssSelector: [class=&amp;apos;alert alert--positioned alert--success-1 alert--danger&amp;apos;] (tried for 30 second(s) with 500 milliseconds interval)
Build info: version: &amp;apos;4.1.3&amp;apos;, revision: &amp;apos;7b1ebf28ef&amp;apos;
System info: host: &amp;apos;deepak-pc&amp;apos;, ip: &amp;apos;192.168.50.252&amp;apos;, os.name: &amp;apos;Linux&amp;apos;, os.arch: &amp;apos;amd64&amp;apos;, os.version: &amp;apos;6.11.0-29-generic&amp;apos;, java.version: &amp;apos;21.0.7&amp;apos;
Driver info: org.openqa.selenium.chrome.ChromeDriver
Capabilities {acceptInsecureCerts: false, browserName: chrome, browserVersion: 139.0.7258.66, chrome: {chromedriverVersion: 139.0.7258.154 (9e0d6b2b47f..., userDataDir: /tmp/.org.chromium.Chromium...}, fedcm:accounts: true, goog:chromeOptions: {debuggerAddress: localhost:33179}, javascriptEnabled: true, networkConnectionEnabled: false, pageLoadStrategy: normal, platform: LINUX, platformName: LINUX, proxy: Proxy(), se:cdp: ws://localhost:33179/devtoo..., se:cdpVersion: 139.0.7258.66, setWindowRect: true, strictFileInteractability: false, timeouts: {implicit: 0, pageLoad: 300000, script: 30000}, unhandledPromptBehavior: dismiss and notify, webauthn:extension:credBlob: true, webauthn:extension:largeBlob: true, webauthn:extension:minPinLength: true, webauthn:extension:prf: true, webauthn:virtualAuthenticators: true}
Session ID: 8ce9c3b0f33d1c54c5eaf5fcf7b6c976">
      <![CDATA[org.openqa.selenium.TimeoutException: Expected condition failed: waiting for visibility of element located by By.cssSelector: [class='alert alert--positioned alert--success-1 alert--danger'] (tried for 30 second(s) with 500 milliseconds interval)
Build info: version: '4.1.3', revision: '7b1ebf28ef'
System info: host: 'deepak-pc', ip: '192.168.50.252', os.name: 'Linux', os.arch: 'amd64', os.version: '6.11.0-29-generic', java.version: '21.0.7'
Driver info: org.openqa.selenium.chrome.ChromeDriver
Capabilities {acceptInsecureCerts: false, browserName: chrome, browserVersion: 139.0.7258.66, chrome: {chromedriverVersion: 139.0.7258.154 (9e0d6b2b47f..., userDataDir: /tmp/.org.chromium.Chromium...}, fedcm:accounts: true, goog:chromeOptions: {debuggerAddress: localhost:33179}, javascriptEnabled: true, networkConnectionEnabled: false, pageLoadStrategy: normal, platform: LINUX, platformName: LINUX, proxy: Proxy(), se:cdp: ws://localhost:33179/devtoo..., se:cdpVersion: 139.0.7258.66, setWindowRect: true, strictFileInteractability: false, timeouts: {implicit: 0, pageLoad: 300000, script: 30000}, unhandledPromptBehavior: dismiss and notify, webauthn:extension:credBlob: true, webauthn:extension:largeBlob: true, webauthn:extension:minPinLength: true, webauthn:extension:prf: true, webauthn:virtualAuthenticators: true}
Session ID: 8ce9c3b0f33d1c54c5eaf5fcf7b6c976
at org.openqa.selenium.support.ui.WebDriverWait.timeoutException(WebDriverWait.java:87)
at org.openqa.selenium.support.ui.FluentWait.until(FluentWait.java:231)
at utils.ElementUtils.waitForElementVisible(ElementUtils.java:236)
at pages.ShoppingCart.isAlertMessageDisplayed(ShoppingCart.java:242)
at tests.CriticalSheetTest.verifyUserIsNotAbleToPlaceBidOfferForTheQcStone(CriticalSheetTest.java:144)
... Removed 23 stack frames]]>
    </failure>
  </testcase> <!-- verifyUserIsNotAbleToPlaceBidOfferForTheQcStone -->
  <testcase classname="tests.CriticalSheetTest" name="verifyAddingMultipleStoneUsingQuickSearch" time="29.523"/>
</testsuite> <!-- retailerPrice -->
