<?xml version="1.0" encoding="UTF-8"?>
<!-- Generated by org.testng.reporters.JUnitXMLReporter -->
<testsuite ignored="4" hostname="deepak-pc" failures="0" tests="1" name="retailerPrice" time="75.008" errors="0" timestamp="23 Dec 2025 10:14:21 GMT">
  <testcase classname="tests.CriticalSheetTest" name="verifyUserIsNotAbleToPlaceBidOfferForTheQcStone" time="68.574"/>
  <testcase classname="tests.CriticalSheetTest" name="verifyUniDiscountShouldNotShowAfterAddTheQC" time="0.0">
    <ignored/>
  </testcase> <!-- verifyUniDiscountShouldNotShowAfterAddTheQC -->
  <testcase classname="tests.CriticalSheetTest" name="verifyAddingMultipleStoneUsingQuickSearch" time="0.0">
    <ignored/>
  </testcase> <!-- verifyAddingMultipleStoneUsingQuickSearch -->
  <testcase classname="tests.CriticalSheetTest" name="VerifyPriceOnAllMediaIconsForEveryPage" time="0.0">
    <ignored/>
  </testcase> <!-- VerifyPriceOnAllMediaIconsForEveryPage -->
  <testcase classname="tests.CriticalSheetTest" name="verifyThePricesWithMarkupForRetailerUser" time="0.0">
    <ignored/>
  </testcase> <!-- verifyThePricesWithMarkupForRetailerUser -->
</testsuite> <!-- retailerPrice -->
