<?xml version="1.0" encoding="UTF-8"?>
<!-- Generated by org.testng.reporters.JUnitXMLReporter -->
<testsuite ignored="0" hostname="deepak-pc" failures="2" tests="5" name="retailerPrice" time="302.339" errors="0" timestamp="27 Jan 2026 10:47:41 GMT">
  <testcase classname="tests.CriticalSheetTest" name="verifyThePricesWithMarkupForRetailerUser" time="75.981"/>
  <testcase classname="tests.CriticalSheetTest" name="VerifyPriceOnAllMediaIconsForEveryPage" time="50.215">
    <failure type="org.openqa.selenium.ElementClickInterceptedException" message="element click intercepted: Element &amp;lt;a href=&amp;quot;javascript:void(0);&amp;quot; class=&amp;quot;js-submit searchBtnCls&amp;quot;&amp;gt;...&amp;lt;/a&amp;gt; is not clickable at point (580, 286). Other element would receive the click: &amp;lt;div id=&amp;quot;facebox_overlay&amp;quot; class=&amp;quot;facebox_hide facebox_overlayBG&amp;quot; style=&amp;quot;display: block; opacity: 0.75;&amp;quot;&amp;gt;&amp;lt;/div&amp;gt;
  (Session info: chrome=139.0.7258.66)
Build info: version: &amp;apos;4.1.3&amp;apos;, revision: &amp;apos;7b1ebf28ef&amp;apos;
System info: host: &amp;apos;deepak-pc&amp;apos;, ip: &amp;apos;192.168.50.252&amp;apos;, os.name: &amp;apos;Linux&amp;apos;, os.arch: &amp;apos;amd64&amp;apos;, os.version: &amp;apos;6.11.0-29-generic&amp;apos;, java.version: &amp;apos;21.0.7&amp;apos;
Driver info: org.openqa.selenium.chrome.ChromeDriver
Command: [186d08c314f7eaeb31e3cbd390bdaa55, clickElement {id=f.F99368F796294AD43FA3040519D855FE.d.B58C99532794425576A79E3FA8166D35.e.1269}]
Capabilities {acceptInsecureCerts: false, browserName: chrome, browserVersion: 139.0.7258.66, chrome: {chromedriverVersion: 139.0.7258.154 (9e0d6b2b47f..., userDataDir: /tmp/.org.chromium.Chromium...}, fedcm:accounts: true, goog:chromeOptions: {debuggerAddress: localhost:45531}, javascriptEnabled: true, networkConnectionEnabled: false, pageLoadStrategy: normal, platform: LINUX, platformName: LINUX, proxy: Proxy(), se:cdp: ws://localhost:45531/devtoo..., se:cdpVersion: 139.0.7258.66, setWindowRect: true, strictFileInteractability: false, timeouts: {implicit: 0, pageLoad: 300000, script: 30000}, unhandledPromptBehavior: dismiss and notify, webauthn:extension:credBlob: true, webauthn:extension:largeBlob: true, webauthn:extension:minPinLength: true, webauthn:extension:prf: true, webauthn:virtualAuthenticators: true}
Element: [[ChromeDriver: chrome on LINUX (186d08c314f7eaeb31e3cbd390bdaa55)] -&amp;gt; css selector: [class=&amp;apos;js-submit searchBtnCls&amp;apos;]]
Session ID: 186d08c314f7eaeb31e3cbd390bdaa55">
      <![CDATA[org.openqa.selenium.ElementClickInterceptedException: element click intercepted: Element <a href="javascript:void(0);" class="js-submit searchBtnCls">...</a> is not clickable at point (580, 286). Other element would receive the click: <div id="facebox_overlay" class="facebox_hide facebox_overlayBG" style="display: block; opacity: 0.75;"></div>
  (Session info: chrome=139.0.7258.66)
Build info: version: '4.1.3', revision: '7b1ebf28ef'
System info: host: 'deepak-pc', ip: '192.168.50.252', os.name: 'Linux', os.arch: 'amd64', os.version: '6.11.0-29-generic', java.version: '21.0.7'
Driver info: org.openqa.selenium.chrome.ChromeDriver
Command: [186d08c314f7eaeb31e3cbd390bdaa55, clickElement {id=f.F99368F796294AD43FA3040519D855FE.d.B58C99532794425576A79E3FA8166D35.e.1269}]
Capabilities {acceptInsecureCerts: false, browserName: chrome, browserVersion: 139.0.7258.66, chrome: {chromedriverVersion: 139.0.7258.154 (9e0d6b2b47f..., userDataDir: /tmp/.org.chromium.Chromium...}, fedcm:accounts: true, goog:chromeOptions: {debuggerAddress: localhost:45531}, javascriptEnabled: true, networkConnectionEnabled: false, pageLoadStrategy: normal, platform: LINUX, platformName: LINUX, proxy: Proxy(), se:cdp: ws://localhost:45531/devtoo..., se:cdpVersion: 139.0.7258.66, setWindowRect: true, strictFileInteractability: false, timeouts: {implicit: 0, pageLoad: 300000, script: 30000}, unhandledPromptBehavior: dismiss and notify, webauthn:extension:credBlob: true, webauthn:extension:largeBlob: true, webauthn:extension:minPinLength: true, webauthn:extension:prf: true, webauthn:virtualAuthenticators: true}
Element: [[ChromeDriver: chrome on LINUX (186d08c314f7eaeb31e3cbd390bdaa55)] -> css selector: [class='js-submit searchBtnCls']]
Session ID: 186d08c314f7eaeb31e3cbd390bdaa55
at org.openqa.selenium.remote.codec.w3c.W3CHttpResponseCodec.createException(W3CHttpResponseCodec.java:200)
at org.openqa.selenium.remote.codec.w3c.W3CHttpResponseCodec.decode(W3CHttpResponseCodec.java:133)
at org.openqa.selenium.remote.codec.w3c.W3CHttpResponseCodec.decode(W3CHttpResponseCodec.java:53)
at org.openqa.selenium.remote.HttpCommandExecutor.execute(HttpCommandExecutor.java:184)
at org.openqa.selenium.remote.service.DriverCommandExecutor.invokeExecute(DriverCommandExecutor.java:167)
at org.openqa.selenium.remote.service.DriverCommandExecutor.execute(DriverCommandExecutor.java:142)
at org.openqa.selenium.remote.RemoteWebDriver.execute(RemoteWebDriver.java:567)
at org.openqa.selenium.remote.RemoteWebElement.execute(RemoteWebElement.java:251)
at org.openqa.selenium.remote.RemoteWebElement.click(RemoteWebElement.java:77)
at pages.MyFavoritesPage.searchStone(MyFavoritesPage.java:30)
at tests.CriticalSheetTest.VerifyPriceOnAllMediaIconsForEveryPage(CriticalSheetTest.java:81)
... Removed 26 stack frames]]>
    </failure>
  </testcase> <!-- VerifyPriceOnAllMediaIconsForEveryPage -->
  <testcase classname="tests.CriticalSheetTest" name="verifyUniDiscountShouldNotShowAfterAddTheQC" time="60.513">
    <failure type="org.openqa.selenium.TimeoutException" message="Expected condition failed: waiting for utils.ElementUtils$$Lambda/0x00007a525443ebc0@2b3abeeb (tried for 30 second(s) with 500 milliseconds interval)
Build info: version: &amp;apos;4.1.3&amp;apos;, revision: &amp;apos;7b1ebf28ef&amp;apos;
System info: host: &amp;apos;deepak-pc&amp;apos;, ip: &amp;apos;192.168.50.252&amp;apos;, os.name: &amp;apos;Linux&amp;apos;, os.arch: &amp;apos;amd64&amp;apos;, os.version: &amp;apos;6.11.0-29-generic&amp;apos;, java.version: &amp;apos;21.0.7&amp;apos;
Driver info: org.openqa.selenium.chrome.ChromeDriver
Capabilities {acceptInsecureCerts: false, browserName: chrome, browserVersion: 139.0.7258.66, chrome: {chromedriverVersion: 139.0.7258.154 (9e0d6b2b47f..., userDataDir: /tmp/.org.chromium.Chromium...}, fedcm:accounts: true, goog:chromeOptions: {debuggerAddress: localhost:34583}, javascriptEnabled: true, networkConnectionEnabled: false, pageLoadStrategy: normal, platform: LINUX, platformName: LINUX, proxy: Proxy(), se:cdp: ws://localhost:34583/devtoo..., se:cdpVersion: 139.0.7258.66, setWindowRect: true, strictFileInteractability: false, timeouts: {implicit: 0, pageLoad: 300000, script: 30000}, unhandledPromptBehavior: dismiss and notify, webauthn:extension:credBlob: true, webauthn:extension:largeBlob: true, webauthn:extension:minPinLength: true, webauthn:extension:prf: true, webauthn:virtualAuthenticators: true}
Session ID: e4d8d205dcaa24ebab20deea192cc962">
      <![CDATA[org.openqa.selenium.TimeoutException: Expected condition failed: waiting for utils.ElementUtils$$Lambda/0x00007a525443ebc0@2b3abeeb (tried for 30 second(s) with 500 milliseconds interval)
Build info: version: '4.1.3', revision: '7b1ebf28ef'
System info: host: 'deepak-pc', ip: '192.168.50.252', os.name: 'Linux', os.arch: 'amd64', os.version: '6.11.0-29-generic', java.version: '21.0.7'
Driver info: org.openqa.selenium.chrome.ChromeDriver
Capabilities {acceptInsecureCerts: false, browserName: chrome, browserVersion: 139.0.7258.66, chrome: {chromedriverVersion: 139.0.7258.154 (9e0d6b2b47f..., userDataDir: /tmp/.org.chromium.Chromium...}, fedcm:accounts: true, goog:chromeOptions: {debuggerAddress: localhost:34583}, javascriptEnabled: true, networkConnectionEnabled: false, pageLoadStrategy: normal, platform: LINUX, platformName: LINUX, proxy: Proxy(), se:cdp: ws://localhost:34583/devtoo..., se:cdpVersion: 139.0.7258.66, setWindowRect: true, strictFileInteractability: false, timeouts: {implicit: 0, pageLoad: 300000, script: 30000}, unhandledPromptBehavior: dismiss and notify, webauthn:extension:credBlob: true, webauthn:extension:largeBlob: true, webauthn:extension:minPinLength: true, webauthn:extension:prf: true, webauthn:virtualAuthenticators: true}
Session ID: e4d8d205dcaa24ebab20deea192cc962
at org.openqa.selenium.support.ui.WebDriverWait.timeoutException(WebDriverWait.java:87)
at org.openqa.selenium.support.ui.FluentWait.until(FluentWait.java:231)
at utils.ElementUtils.waitForExactNumberOfElements(ElementUtils.java:261)
at pages.ShoppingCart.isSingleSearchResultPresent(ShoppingCart.java:76)
at tests.CriticalSheetTest.verifyUniDiscountShouldNotShowAfterAddTheQC(CriticalSheetTest.java:108)
... Removed 23 stack frames]]>
    </failure>
  </testcase> <!-- verifyUniDiscountShouldNotShowAfterAddTheQC -->
  <testcase classname="tests.CriticalSheetTest" name="verifyUserIsNotAbleToPlaceBidOfferForTheQcStone" time="75.02"/>
  <testcase classname="tests.CriticalSheetTest" name="verifyAddingMultipleStoneUsingQuickSearch" time="29.682"/>
</testsuite> <!-- retailerPrice -->
