<?xml version="1.0" encoding="UTF-8"?>
<!-- Generated by org.testng.reporters.JUnitXMLReporter -->
<testsuite ignored="0" hostname="deepak-pc" failures="0" tests="5" name="retailerPrice" time="280.014" errors="0" timestamp="07 Oct 2025 07:24:39 GMT">
  <testcase classname="tests.CriticalSheetTest" name="verifyThePricesWithMarkupForRetailerUser" time="56.962"/>
  <testcase classname="tests.CriticalSheetTest" name="VerifyPriceOnAllMediaIconsForEveryPage" time="80.079"/>
  <testcase classname="tests.CriticalSheetTest" name="verifyUniDiscountShouldNotShowAfterAddTheQC" time="31.565"/>
  <testcase classname="tests.CriticalSheetTest" name="verifyUserIsNotAbleToPlaceBidOfferForTheQcStone" time="54.706"/>
  <testcase classname="tests.CriticalSheetTest" name="verifyAddingMultipleStoneUsingQuickSearch" time="47.7"/>
</testsuite> <!-- retailerPrice -->
