<?xml version="1.0" encoding="UTF-8"?>
<!-- Generated by org.testng.reporters.JUnitXMLReporter -->
<testsuite ignored="0" hostname="deepak-pc" failures="0" tests="5" name="WednesdaySheetTest" time="403.932" errors="0" timestamp="07 Oct 2025 07:19:45 GMT">
  <testcase classname="tests.WednesdaySheetTest" name="verifyCreateMemoOfferWithSingleStoneAndAcceptFromSeller" time="91.089"/>
  <testcase classname="tests.WednesdaySheetTest" name="verifyCreateMemoOfferWithSingleStoneAndRejectFromSeller" time="84.657"/>
  <testcase classname="tests.WednesdaySheetTest" name="verifyCreateBidOfferWithSingleStoneAndAcceptFromSeller" time="67.115"/>
  <testcase classname="tests.WednesdaySheetTest" name="verifyCreateBidOfferWithSingleStoneAndRejectFromSeller" time="63.906"/>
  <testcase classname="tests.WednesdaySheetTest" name="VerifyAddQcAndCreateOrderWithQCAndNonQCStone" time="81.022"/>
</testsuite> <!-- WednesdaySheetTest -->
