<?xml version="1.0" encoding="UTF-8"?>
<!-- Generated by org.testng.reporters.JUnitXMLReporter -->
<testsuite ignored="5" hostname="deepak-pc" failures="2" tests="2" name="WednesdaySheetTest" time="298.442" errors="0" timestamp="18 Dec 2025 06:50:54 GMT">
  <testcase classname="tests.WednesdaySheetTest" name="verifyCreateMemoOfferWithSingleStoneAndAcceptFromSeller" time="138.687">
    <failure type="org.openqa.selenium.TimeoutException" message="Expected condition failed: waiting for utils.ElementUtils$$Lambda/0x0000731ae443ad38@720a1fd0 (tried for 30 second(s) with 500 milliseconds interval)
Build info: version: &amp;apos;4.1.3&amp;apos;, revision: &amp;apos;7b1ebf28ef&amp;apos;
System info: host: &amp;apos;deepak-pc&amp;apos;, ip: &amp;apos;192.168.50.252&amp;apos;, os.name: &amp;apos;Linux&amp;apos;, os.arch: &amp;apos;amd64&amp;apos;, os.version: &amp;apos;6.11.0-29-generic&amp;apos;, java.version: &amp;apos;21.0.7&amp;apos;
Driver info: org.openqa.selenium.chrome.ChromeDriver
Capabilities {acceptInsecureCerts: false, browserName: chrome, browserVersion: 139.0.7258.66, chrome: {chromedriverVersion: 139.0.7258.154 (9e0d6b2b47f..., userDataDir: /tmp/.org.chromium.Chromium...}, fedcm:accounts: true, goog:chromeOptions: {debuggerAddress: localhost:38051}, javascriptEnabled: true, networkConnectionEnabled: false, pageLoadStrategy: normal, platform: LINUX, platformName: LINUX, proxy: Proxy(), se:cdp: ws://localhost:38051/devtoo..., se:cdpVersion: 139.0.7258.66, setWindowRect: true, strictFileInteractability: false, timeouts: {implicit: 0, pageLoad: 300000, script: 30000}, unhandledPromptBehavior: dismiss and notify, webauthn:extension:credBlob: true, webauthn:extension:largeBlob: true, webauthn:extension:minPinLength: true, webauthn:extension:prf: true, webauthn:virtualAuthenticators: true}
Session ID: a4de0a10295bd4dc76bbc51b013510c8">
      <![CDATA[org.openqa.selenium.TimeoutException: Expected condition failed: waiting for utils.ElementUtils$$Lambda/0x0000731ae443ad38@720a1fd0 (tried for 30 second(s) with 500 milliseconds interval)
Build info: version: '4.1.3', revision: '7b1ebf28ef'
System info: host: 'deepak-pc', ip: '192.168.50.252', os.name: 'Linux', os.arch: 'amd64', os.version: '6.11.0-29-generic', java.version: '21.0.7'
Driver info: org.openqa.selenium.chrome.ChromeDriver
Capabilities {acceptInsecureCerts: false, browserName: chrome, browserVersion: 139.0.7258.66, chrome: {chromedriverVersion: 139.0.7258.154 (9e0d6b2b47f..., userDataDir: /tmp/.org.chromium.Chromium...}, fedcm:accounts: true, goog:chromeOptions: {debuggerAddress: localhost:38051}, javascriptEnabled: true, networkConnectionEnabled: false, pageLoadStrategy: normal, platform: LINUX, platformName: LINUX, proxy: Proxy(), se:cdp: ws://localhost:38051/devtoo..., se:cdpVersion: 139.0.7258.66, setWindowRect: true, strictFileInteractability: false, timeouts: {implicit: 0, pageLoad: 300000, script: 30000}, unhandledPromptBehavior: dismiss and notify, webauthn:extension:credBlob: true, webauthn:extension:largeBlob: true, webauthn:extension:minPinLength: true, webauthn:extension:prf: true, webauthn:virtualAuthenticators: true}
Session ID: a4de0a10295bd4dc76bbc51b013510c8
at org.openqa.selenium.support.ui.WebDriverWait.timeoutException(WebDriverWait.java:87)
at org.openqa.selenium.support.ui.FluentWait.until(FluentWait.java:231)
at utils.ElementUtils.waitForExactNumberOfElements(ElementUtils.java:261)
at pages.VendorOrdersPage.isSingleSearchResultPresent(VendorOrdersPage.java:103)
at tests.WednesdaySheetTest.verifyCreateMemoOfferWithSingleStoneAndAcceptFromSeller(WednesdaySheetTest.java:49)
... Removed 23 stack frames]]>
    </failure>
  </testcase> <!-- verifyCreateMemoOfferWithSingleStoneAndAcceptFromSeller -->
  <testcase classname="tests.WednesdaySheetTest" name="verifyCreateMemoOfferWithSingleStoneAndRejectFromSeller" time="151.15">
    <failure type="org.openqa.selenium.NoSuchSessionException" message="invalid session id: session deleted as the browser has closed the connection
from disconnected: not connected to DevTools
  (Session info: chrome=139.0.7258.66)
Build info: version: &amp;apos;4.1.3&amp;apos;, revision: &amp;apos;7b1ebf28ef&amp;apos;
System info: host: &amp;apos;deepak-pc&amp;apos;, ip: &amp;apos;192.168.50.252&amp;apos;, os.name: &amp;apos;Linux&amp;apos;, os.arch: &amp;apos;amd64&amp;apos;, os.version: &amp;apos;6.11.0-29-generic&amp;apos;, java.version: &amp;apos;21.0.7&amp;apos;
Driver info: org.openqa.selenium.chrome.ChromeDriver
Command: [9fc2505c86d5a85d9ec8ebb90977b7b6, findElement {using=xpath, value=//button[contains(text(),&amp;apos;Rejected&amp;apos;)]}]
Capabilities {acceptInsecureCerts: false, browserName: chrome, browserVersion: 139.0.7258.66, chrome: {chromedriverVersion: 139.0.7258.154 (9e0d6b2b47f..., userDataDir: /tmp/.org.chromium.Chromium...}, fedcm:accounts: true, goog:chromeOptions: {debuggerAddress: localhost:36655}, javascriptEnabled: true, networkConnectionEnabled: false, pageLoadStrategy: normal, platform: LINUX, platformName: LINUX, proxy: Proxy(), se:cdp: ws://localhost:36655/devtoo..., se:cdpVersion: 139.0.7258.66, setWindowRect: true, strictFileInteractability: false, timeouts: {implicit: 0, pageLoad: 300000, script: 30000}, unhandledPromptBehavior: dismiss and notify, webauthn:extension:credBlob: true, webauthn:extension:largeBlob: true, webauthn:extension:minPinLength: true, webauthn:extension:prf: true, webauthn:virtualAuthenticators: true}
Session ID: 9fc2505c86d5a85d9ec8ebb90977b7b6">
      <![CDATA[org.openqa.selenium.NoSuchSessionException: invalid session id: session deleted as the browser has closed the connection
from disconnected: not connected to DevTools
  (Session info: chrome=139.0.7258.66)
Build info: version: '4.1.3', revision: '7b1ebf28ef'
System info: host: 'deepak-pc', ip: '192.168.50.252', os.name: 'Linux', os.arch: 'amd64', os.version: '6.11.0-29-generic', java.version: '21.0.7'
Driver info: org.openqa.selenium.chrome.ChromeDriver
Command: [9fc2505c86d5a85d9ec8ebb90977b7b6, findElement {using=xpath, value=//button[contains(text(),'Rejected')]}]
Capabilities {acceptInsecureCerts: false, browserName: chrome, browserVersion: 139.0.7258.66, chrome: {chromedriverVersion: 139.0.7258.154 (9e0d6b2b47f..., userDataDir: /tmp/.org.chromium.Chromium...}, fedcm:accounts: true, goog:chromeOptions: {debuggerAddress: localhost:36655}, javascriptEnabled: true, networkConnectionEnabled: false, pageLoadStrategy: normal, platform: LINUX, platformName: LINUX, proxy: Proxy(), se:cdp: ws://localhost:36655/devtoo..., se:cdpVersion: 139.0.7258.66, setWindowRect: true, strictFileInteractability: false, timeouts: {implicit: 0, pageLoad: 300000, script: 30000}, unhandledPromptBehavior: dismiss and notify, webauthn:extension:credBlob: true, webauthn:extension:largeBlob: true, webauthn:extension:minPinLength: true, webauthn:extension:prf: true, webauthn:virtualAuthenticators: true}
Session ID: 9fc2505c86d5a85d9ec8ebb90977b7b6
at org.openqa.selenium.remote.codec.w3c.W3CHttpResponseCodec.createException(W3CHttpResponseCodec.java:200)
at org.openqa.selenium.remote.codec.w3c.W3CHttpResponseCodec.decode(W3CHttpResponseCodec.java:133)
at org.openqa.selenium.remote.codec.w3c.W3CHttpResponseCodec.decode(W3CHttpResponseCodec.java:53)
at org.openqa.selenium.remote.HttpCommandExecutor.execute(HttpCommandExecutor.java:184)
at org.openqa.selenium.remote.service.DriverCommandExecutor.invokeExecute(DriverCommandExecutor.java:167)
at org.openqa.selenium.remote.service.DriverCommandExecutor.execute(DriverCommandExecutor.java:142)
at org.openqa.selenium.remote.RemoteWebDriver.execute(RemoteWebDriver.java:567)
at org.openqa.selenium.remote.ElementLocation$ElementFinder$2.findElement(ElementLocation.java:162)
at org.openqa.selenium.remote.ElementLocation.findElement(ElementLocation.java:60)
at org.openqa.selenium.remote.RemoteWebDriver.findElement(RemoteWebDriver.java:385)
at org.openqa.selenium.remote.RemoteWebDriver.findElement(RemoteWebDriver.java:377)
at org.openqa.selenium.support.ui.ExpectedConditions$7.apply(ExpectedConditions.java:197)
at org.openqa.selenium.support.ui.ExpectedConditions$7.apply(ExpectedConditions.java:193)
at org.openqa.selenium.support.ui.FluentWait.until(FluentWait.java:208)
at utils.ElementUtils.waitForElementVisible(ElementUtils.java:236)
at pages.VendorOrdersPage.isRejectedStatusIsDisplayed(VendorOrdersPage.java:79)
at tests.WednesdaySheetTest.verifyCreateMemoOfferWithSingleStoneAndRejectFromSeller(WednesdaySheetTest.java:85)
... Removed 26 stack frames]]>
    </failure>
  </testcase> <!-- verifyCreateMemoOfferWithSingleStoneAndRejectFromSeller -->
  <testcase classname="tests.WednesdaySheetTest" name="verifyReturnTheMemoStone" time="0.0">
    <ignored/>
  </testcase> <!-- verifyReturnTheMemoStone -->
  <testcase classname="tests.WednesdaySheetTest" name="verifyCreateBidOfferWithSingleStoneAndAcceptFromSeller" time="0.0">
    <ignored/>
  </testcase> <!-- verifyCreateBidOfferWithSingleStoneAndAcceptFromSeller -->
  <testcase classname="tests.WednesdaySheetTest" name="verifyBuyTheMemoStone" time="0.0">
    <ignored/>
  </testcase> <!-- verifyBuyTheMemoStone -->
  <testcase classname="tests.WednesdaySheetTest" name="verifyCreateBidOfferWithSingleStoneAndRejectFromSeller" time="0.0">
    <ignored/>
  </testcase> <!-- verifyCreateBidOfferWithSingleStoneAndRejectFromSeller -->
  <testcase classname="tests.WednesdaySheetTest" name="VerifyAddQcAndCreateOrderWithQCAndNonQCStone" time="0.0">
    <ignored/>
  </testcase> <!-- VerifyAddQcAndCreateOrderWithQCAndNonQCStone -->
</testsuite> <!-- WednesdaySheetTest -->
