<?xml version="1.0" encoding="UTF-8"?>
<!-- Generated by org.testng.reporters.JUnitXMLReporter -->
<testsuite ignored="1" hostname="deepak-pc" failures="0" tests="1" name="Default test" time="45.943" errors="0" timestamp="26 Dec 2025 10:35:08 GMT">
  <testcase classname="tests.PriceTest" name="verifyThePriceForRegularStoneInvoiceOnlyOnCheckoutWithUniMarkup" time="38.322"/>
  <testcase classname="tests.PriceTest" name="verifyThePriceForRegularStoneInvoiceOnlyOnCheckoutWithoutUniMarkup" time="0.0">
    <ignored/>
  </testcase> <!-- verifyThePriceForRegularStoneInvoiceOnlyOnCheckoutWithoutUniMarkup -->
</testsuite> <!-- Default test -->
