<?xml version="1.0" encoding="UTF-8"?>
<!-- Generated by org.testng.reporters.JUnitXMLReporter -->
<testsuite ignored="6" hostname="deepak-pc" failures="0" tests="1" name="Default test" time="105.373" errors="0" timestamp="04 Dec 2025 06:02:34 GMT">
  <testcase classname="tests.PurchaseWorkflowForNaturalStoneTest" name="verifyUserCanPlaceMemoOfferFromStoneDetails" time="103.211"/>
  <testcase classname="tests.PurchaseWorkflowForNaturalStoneTest" name="verifyUserCanPlaceOrderUsingBuyForNaturalStone" time="0.0">
    <ignored/>
  </testcase> <!-- verifyUserCanPlaceOrderUsingBuyForNaturalStone -->
  <testcase classname="tests.PurchaseWorkflowForNaturalStoneTest" name="verifyUserCanPlaceOfferUsingBidForNaturalStone" time="0.0">
    <ignored/>
  </testcase> <!-- verifyUserCanPlaceOfferUsingBidForNaturalStone -->
  <testcase classname="tests.PurchaseWorkflowForNaturalStoneTest" name="verifyUserCanPlaceOfferUsingMemoWithMultipleNaturalStones" time="0.0">
    <ignored/>
  </testcase> <!-- verifyUserCanPlaceOfferUsingMemoWithMultipleNaturalStones -->
  <testcase classname="tests.PurchaseWorkflowForNaturalStoneTest" name="verifyUserCanPlaceOrderUsingBuyWithMultipleNaturalStones" time="0.0">
    <ignored/>
  </testcase> <!-- verifyUserCanPlaceOrderUsingBuyWithMultipleNaturalStones -->
  <testcase classname="tests.PurchaseWorkflowForNaturalStoneTest" name="verifyUserCanPlaceOfferUsingMemoForNaturalStone" time="0.0">
    <ignored/>
  </testcase> <!-- verifyUserCanPlaceOfferUsingMemoForNaturalStone -->
  <testcase classname="tests.PurchaseWorkflowForNaturalStoneTest" name="verifyUserCanPlaceOfferUsingBidWithMultipleNaturalStones" time="0.0">
    <ignored/>
  </testcase> <!-- verifyUserCanPlaceOfferUsingBidWithMultipleNaturalStones -->
</testsuite> <!-- Default test -->
