<?xml version="1.0" encoding="UTF-8"?>
<!-- Generated by org.testng.reporters.JUnitXMLReporter -->
<testsuite ignored="0" hostname="deepak-pc" failures="0" tests="2" name="Buy" time="147.831" errors="0" timestamp="10 Jul 2025 05:55:24 GMT">
  <testcase classname="tests.PurchaseWorkflowForNaturalStoneTest" name="verifyUserCanPlaceOrderUsingBuyForNaturalStone" time="77.669"/>
  <testcase classname="tests.PurchaseWorkflowForLabGrownStoneTest" name="verifyUserCanPlaceOrderUsingBuyForLabGrownStone" time="68.204"/>
</testsuite> <!-- Buy -->
