<?xml version="1.0" encoding="UTF-8"?>
<!-- Generated by org.testng.reporters.JUnitXMLReporter -->
<testsuite ignored="0" hostname="deepak-pc" failures="0" tests="2" name="PurchaseLabGrownStone" time="91.038" errors="0" timestamp="10 Jul 2025 06:20:41 GMT">
  <testcase classname="tests.PurchaseWorkflowForLabGrownStoneTest" name="verifyUserCanPlaceOrderUsingBuyForLabGrownStone" time="43.11"/>
  <testcase classname="tests.PurchaseWorkflowForLabGrownStoneTest" name="verifyUserCanPlaceOfferUsingMemoForLabGrownStone" time="46.149"/>
</testsuite> <!-- PurchaseLabGrownStone -->
