<?xml version="1.0" encoding="UTF-8"?>
<testng-results ignored="0" total="2" passed="2" failed="0" skipped="0">
  <reporter-output>
  </reporter-output>
  <suite started-at="2026-01-28T10:05:44Z" name="Default suite" finished-at="2026-01-28T10:07:08Z" duration-ms="84611">
    <groups>
    </groups>
    <test started-at="2026-01-28T10:05:44Z" name="Default test" finished-at="2026-01-28T10:07:08Z" duration-ms="84611">
      <class name="tests.PriceTest">
        <test-method is-config="true" signature="setup()[pri:0, instance:tests.PriceTest@eadd4fb]" started-at="2026-01-28T10:05:44Z" name="setup" finished-at="2026-01-28T10:05:45Z" duration-ms="1961" status="PASS">
          <reporter-output>
          </reporter-output>
        </test-method> <!-- setup -->
        <test-method is-config="true" signature="getStoneIdsFromDb()[pri:0, instance:tests.PriceTest@eadd4fb]" started-at="2026-01-28T10:05:45Z" name="getStoneIdsFromDb" finished-at="2026-01-28T10:05:50Z" duration-ms="4128" status="PASS">
          <reporter-output>
          </reporter-output>
        </test-method> <!-- getStoneIdsFromDb -->
        <test-method signature="verifyThePriceForRegularStoneInvoiceOnlyOnCheckoutWithoutUniMarkup()[pri:1, instance:tests.PriceTest@eadd4fb]" started-at="2026-01-28T10:05:50Z" name="verifyThePriceForRegularStoneInvoiceOnlyOnCheckoutWithoutUniMarkup" description="uniMarkup no, Credit cost yes, D mergin yes, Regular Stone Invoice Only On Checkout" finished-at="2026-01-28T10:06:27Z" duration-ms="37783" status="PASS">
          <reporter-output>
          </reporter-output>
        </test-method> <!-- verifyThePriceForRegularStoneInvoiceOnlyOnCheckoutWithoutUniMarkup -->
        <test-method is-config="true" signature="tearDown()[pri:0, instance:tests.PriceTest@eadd4fb]" started-at="2026-01-28T10:06:27Z" name="tearDown" finished-at="2026-01-28T10:06:28Z" duration-ms="112" status="PASS">
          <reporter-output>
          </reporter-output>
        </test-method> <!-- tearDown -->
        <test-method is-config="true" signature="setup()[pri:0, instance:tests.PriceTest@eadd4fb]" started-at="2026-01-28T10:06:28Z" name="setup" finished-at="2026-01-28T10:06:29Z" duration-ms="1017" status="PASS">
          <reporter-output>
          </reporter-output>
        </test-method> <!-- setup -->
        <test-method is-config="true" signature="getStoneIdsFromDb()[pri:0, instance:tests.PriceTest@eadd4fb]" started-at="2026-01-28T10:06:29Z" name="getStoneIdsFromDb" finished-at="2026-01-28T10:06:32Z" duration-ms="3281" status="PASS">
          <reporter-output>
          </reporter-output>
        </test-method> <!-- getStoneIdsFromDb -->
        <test-method signature="verifyThePriceForRegularStoneInvoiceOnlyOnCheckoutWithUniMarkup()[pri:2, instance:tests.PriceTest@eadd4fb]" started-at="2026-01-28T10:06:32Z" name="verifyThePriceForRegularStoneInvoiceOnlyOnCheckoutWithUniMarkup" description="uniMarkup yes, Credit cost yes, D mergin yes, Regular Stone Invoice Only On Checkout" finished-at="2026-01-28T10:07:08Z" duration-ms="36168" status="PASS">
          <reporter-output>
          </reporter-output>
        </test-method> <!-- verifyThePriceForRegularStoneInvoiceOnlyOnCheckoutWithUniMarkup -->
        <test-method is-config="true" signature="tearDown()[pri:0, instance:tests.PriceTest@eadd4fb]" started-at="2026-01-28T10:07:08Z" name="tearDown" finished-at="2026-01-28T10:07:08Z" duration-ms="136" status="PASS">
          <reporter-output>
          </reporter-output>
        </test-method> <!-- tearDown -->
      </class> <!-- tests.PriceTest -->
    </test> <!-- Default test -->
  </suite> <!-- Default suite -->
</testng-results>
