<?xml version="1.0" encoding="UTF-8"?>
<testng-results ignored="1" total="2" passed="1" failed="0" skipped="0">
  <reporter-output>
  </reporter-output>
  <suite started-at="2025-12-26T10:34:22Z" name="Default suite" finished-at="2025-12-26T10:35:08Z" duration-ms="45943">
    <groups>
    </groups>
    <test started-at="2025-12-26T10:34:22Z" name="Default test" finished-at="2025-12-26T10:35:08Z" duration-ms="45943">
      <class name="tests.PriceTest">
        <test-method is-config="true" signature="setup()[pri:0, instance:tests.PriceTest@eadd4fb]" started-at="2025-12-26T10:34:22Z" name="setup" finished-at="2025-12-26T10:34:24Z" duration-ms="1704" status="PASS">
          <reporter-output>
          </reporter-output>
        </test-method> <!-- setup -->
        <test-method is-config="true" signature="getStoneIdsFromDb()[pri:0, instance:tests.PriceTest@eadd4fb]" started-at="2025-12-26T10:34:24Z" name="getStoneIdsFromDb" finished-at="2025-12-26T10:34:30Z" duration-ms="5631" status="PASS">
          <reporter-output>
          </reporter-output>
        </test-method> <!-- getStoneIdsFromDb -->
        <test-method signature="verifyThePriceForRegularStoneInvoiceOnlyOnCheckoutWithUniMarkup()[pri:2, instance:tests.PriceTest@eadd4fb]" started-at="2025-12-26T10:34:30Z" name="verifyThePriceForRegularStoneInvoiceOnlyOnCheckoutWithUniMarkup" description="uniMarkup yes, Credit cost yes, D mergin yes, Regular Stone Invoice Only On Checkout" finished-at="2025-12-26T10:35:08Z" duration-ms="38322" status="PASS">
          <reporter-output>
          </reporter-output>
        </test-method> <!-- verifyThePriceForRegularStoneInvoiceOnlyOnCheckoutWithUniMarkup -->
        <test-method is-config="true" signature="tearDown()[pri:0, instance:tests.PriceTest@eadd4fb]" started-at="2025-12-26T10:35:08Z" name="tearDown" finished-at="2025-12-26T10:35:08Z" duration-ms="266" status="PASS">
          <reporter-output>
          </reporter-output>
        </test-method> <!-- tearDown -->
      </class> <!-- tests.PriceTest -->
    </test> <!-- Default test -->
  </suite> <!-- Default suite -->
</testng-results>
