<?xml version="1.0" encoding="UTF-8"?>
<!-- Generated by org.testng.reporters.JUnitReportReporter -->
<testsuite hostname="deepak-pc" failures="0" tests="4" name="tests.PurchaseWorkflowForLabGrownStoneTest" time="219.785" errors="0" timestamp="23 Dec 2025 10:09:31 GMT" skipped="0">
  <testcase classname="tests.PurchaseWorkflowForLabGrownStoneTest" name="verifyUserCanPlaceOrderUsingBuyForLabGrownStone" time="57.419"/>
  <testcase classname="tests.PurchaseWorkflowForLabGrownStoneTest" name="verifyUserCanPlaceOfferUsingMemoForLabGrownStone" time="50.278"/>
  <testcase classname="tests.PurchaseWorkflowForLabGrownStoneTest" name="verifyUserCanPlaceOrderUsingBuyWithMultipleLabGrownStone" time="57.787"/>
  <testcase classname="tests.PurchaseWorkflowForLabGrownStoneTest" name="verifyUserCanPlaceOfferUsingMemoWithMultipleLabGrownStone" time="54.301"/>
</testsuite> <!-- tests.PurchaseWorkflowForLabGrownStoneTest -->
