<?xml version="1.0" encoding="UTF-8"?>
<!-- Generated by org.testng.reporters.JUnitReportReporter -->
<testsuite hostname="deepak-pc" failures="0" tests="4" name="tests.PurchaseWorkflowForLabGrownStoneTest" time="244.051" errors="0" timestamp="27 Jan 2026 10:36:37 GMT" skipped="0">
  <testcase classname="tests.PurchaseWorkflowForLabGrownStoneTest" name="verifyUserCanPlaceOrderUsingBuyForLabGrownStone" time="57.346"/>
  <testcase classname="tests.PurchaseWorkflowForLabGrownStoneTest" name="verifyUserCanPlaceOfferUsingMemoForLabGrownStone" time="65.456"/>
  <testcase classname="tests.PurchaseWorkflowForLabGrownStoneTest" name="verifyUserCanPlaceOrderUsingBuyWithMultipleLabGrownStone" time="56.244"/>
  <testcase classname="tests.PurchaseWorkflowForLabGrownStoneTest" name="verifyUserCanPlaceOfferUsingMemoWithMultipleLabGrownStone" time="65.005"/>
</testsuite> <!-- tests.PurchaseWorkflowForLabGrownStoneTest -->
