<?xml version="1.0" encoding="UTF-8"?>
<!-- Generated by org.testng.reporters.JUnitReportReporter -->
<testsuite hostname="deepak-pc" failures="0" tests="5" name="tests.CriticalSheetTest" time="70.716" errors="0" timestamp="18 Dec 2025 08:18:52 GMT" skipped="4">
  <testcase classname="tests.CriticalSheetTest" name="verifyUserIsNotAbleToPlaceBidOfferForTheQcStone" time="70.716"/>
  <testcase classname="tests.CriticalSheetTest" name="verifyUniDiscountShouldNotShowAfterAddTheQC">
    <skipped/>
  </testcase> <!-- verifyUniDiscountShouldNotShowAfterAddTheQC -->
  <testcase classname="tests.CriticalSheetTest" name="verifyAddingMultipleStoneUsingQuickSearch">
    <skipped/>
  </testcase> <!-- verifyAddingMultipleStoneUsingQuickSearch -->
  <testcase classname="tests.CriticalSheetTest" name="VerifyPriceOnAllMediaIconsForEveryPage">
    <skipped/>
  </testcase> <!-- VerifyPriceOnAllMediaIconsForEveryPage -->
  <testcase classname="tests.CriticalSheetTest" name="verifyThePricesWithMarkupForRetailerUser">
    <skipped/>
  </testcase> <!-- verifyThePricesWithMarkupForRetailerUser -->
</testsuite> <!-- tests.CriticalSheetTest -->
