<?xml version="1.0" encoding="UTF-8"?>
<!-- Generated by org.testng.reporters.JUnitReportReporter -->
<testsuite hostname="deepak-pc" failures="0" tests="8" name="tests.PurchaseWorkflowForNaturalStoneTest" time="251.437" errors="0" timestamp="23 Dec 2025 10:05:35 GMT" skipped="4">
  <testcase classname="tests.PurchaseWorkflowForNaturalStoneTest" name="verifyUserCanPlaceOrderUsingBuyForNaturalStone" time="58.894"/>
  <testcase classname="tests.PurchaseWorkflowForNaturalStoneTest" name="verifyUserCanPlaceOfferUsingBidForNaturalStone" time="62.489"/>
  <testcase classname="tests.PurchaseWorkflowForNaturalStoneTest" name="verifyUserCanPlaceOrderUsingBuyWithMultipleNaturalStones" time="62.245"/>
  <testcase classname="tests.PurchaseWorkflowForNaturalStoneTest" name="verifyUserCanPlaceOfferUsingBidWithMultipleNaturalStones" time="67.809"/>
  <testcase classname="tests.PurchaseWorkflowForNaturalStoneTest" name="verifyUserCanPlaceBidOfferFromStoneDetails">
    <skipped/>
  </testcase> <!-- verifyUserCanPlaceBidOfferFromStoneDetails -->
  <testcase classname="tests.PurchaseWorkflowForNaturalStoneTest" name="verifyUserCanPlaceOfferUsingMemoWithMultipleNaturalStones">
    <skipped/>
  </testcase> <!-- verifyUserCanPlaceOfferUsingMemoWithMultipleNaturalStones -->
  <testcase classname="tests.PurchaseWorkflowForNaturalStoneTest" name="verifyUserCanPlaceOfferUsingMemoForNaturalStone">
    <skipped/>
  </testcase> <!-- verifyUserCanPlaceOfferUsingMemoForNaturalStone -->
  <testcase classname="tests.PurchaseWorkflowForNaturalStoneTest" name="verifyUserCanPlaceMemoOfferFromStoneDetails">
    <skipped/>
  </testcase> <!-- verifyUserCanPlaceMemoOfferFromStoneDetails -->
</testsuite> <!-- tests.PurchaseWorkflowForNaturalStoneTest -->
