<?xml version="1.0" encoding="UTF-8"?>
<!-- Generated by org.testng.reporters.JUnitReportReporter -->
<testsuite hostname="deepak-pc" failures="0" tests="2" name="tests.PriceTest" time="45.923" errors="0" timestamp="26 Dec 2025 10:35:08 GMT" skipped="1">
  <testcase classname="tests.PriceTest" name="verifyThePriceForRegularStoneInvoiceOnlyOnCheckoutWithUniMarkup" time="45.923"/>
  <testcase classname="tests.PriceTest" name="verifyThePriceForRegularStoneInvoiceOnlyOnCheckoutWithoutUniMarkup">
    <skipped/>
  </testcase> <!-- verifyThePriceForRegularStoneInvoiceOnlyOnCheckoutWithoutUniMarkup -->
</testsuite> <!-- tests.PriceTest -->
