<?xml version="1.0" encoding="UTF-8"?>
<!-- Generated by org.testng.reporters.JUnitReportReporter -->
<testsuite hostname="deepak-pc" failures="0" tests="2" name="tests.PriceTest" time="84.586" errors="0" timestamp="28 Jan 2026 10:07:08 GMT" skipped="0">
  <testcase classname="tests.PriceTest" name="verifyThePriceForRegularStoneInvoiceOnlyOnCheckoutWithoutUniMarkup" time="42.193"/>
  <testcase classname="tests.PriceTest" name="verifyThePriceForRegularStoneInvoiceOnlyOnCheckoutWithUniMarkup" time="42.393"/>
</testsuite> <!-- tests.PriceTest -->
