<?xml version="1.0" encoding="UTF-8"?>
<!-- Generated by org.testng.reporters.JUnitReportReporter -->
<testsuite hostname="deepak-pc" failures="0" tests="7" name="tests.WednesdaySheetTest" time="160.572" errors="1" timestamp="23 Dec 2025 10:12:33 GMT" skipped="5">
  <testcase classname="tests.WednesdaySheetTest" name="verifyCreateMemoOfferWithSingleStoneAndAcceptFromSeller" time="96.093">
    <error message="Expected condition failed: waiting for utils.ElementUtils$$Lambda/0x0000703aa4482e80@5d7f1e59 (tried for 30 second(s) with 500 milliseconds interval)
Build info: version: &#039;4.1.3&#039;, revision: &#039;7b1ebf28ef&#039;
System info: host: &#039;deepak-pc&#039;, ip: &#039;192.168.50.252&#039;, os.name: &#039;Linux&#039;, os.arch: &#039;amd64&#039;, os.version: &#039;6.11.0-29-generic&#039;, java.version: &#039;21.0.7&#039;
Driver info: org.openqa.selenium.chrome.ChromeDriver
Capabilities {acceptInsecureCerts: false, browserName: chrome, browserVersion: 139.0.7258.66, chrome: {chromedriverVersion: 139.0.7258.154 (9e0d6b2b47f..., userDataDir: /tmp/.org.chromium.Chromium...}, fedcm:accounts: true, goog:chromeOptions: {debuggerAddress: localhost:39523}, javascriptEnabled: true, networkConnectionEnabled: false, pageLoadStrategy: normal, platform: LINUX, platformName: LINUX, proxy: Proxy(), se:cdp: ws://localhost:39523/devtoo..., se:cdpVersion: 139.0.7258.66, setWindowRect: true, strictFileInteractability: false, timeouts: {implicit: 0, pageLoad: 300000, script: 30000}, unhandledPromptBehavior: dismiss and notify, webauthn:extension:credBlob: true, webauthn:extension:largeBlob: true, webauthn:extension:minPinLength: true, webauthn:extension:prf: true, webauthn:virtualAuthenticators: true}
Session ID: a7b030cbe2fe4d44351c4701faec5d18" type="org.openqa.selenium.TimeoutException">
      <![CDATA[org.openqa.selenium.TimeoutException: Expected condition failed: waiting for utils.ElementUtils$$Lambda/0x0000703aa4482e80@5d7f1e59 (tried for 30 second(s) with 500 milliseconds interval)
Build info: version: '4.1.3', revision: '7b1ebf28ef'
System info: host: 'deepak-pc', ip: '192.168.50.252', os.name: 'Linux', os.arch: 'amd64', os.version: '6.11.0-29-generic', java.version: '21.0.7'
Driver info: org.openqa.selenium.chrome.ChromeDriver
Capabilities {acceptInsecureCerts: false, browserName: chrome, browserVersion: 139.0.7258.66, chrome: {chromedriverVersion: 139.0.7258.154 (9e0d6b2b47f..., userDataDir: /tmp/.org.chromium.Chromium...}, fedcm:accounts: true, goog:chromeOptions: {debuggerAddress: localhost:39523}, javascriptEnabled: true, networkConnectionEnabled: false, pageLoadStrategy: normal, platform: LINUX, platformName: LINUX, proxy: Proxy(), se:cdp: ws://localhost:39523/devtoo..., se:cdpVersion: 139.0.7258.66, setWindowRect: true, strictFileInteractability: false, timeouts: {implicit: 0, pageLoad: 300000, script: 30000}, unhandledPromptBehavior: dismiss and notify, webauthn:extension:credBlob: true, webauthn:extension:largeBlob: true, webauthn:extension:minPinLength: true, webauthn:extension:prf: true, webauthn:virtualAuthenticators: true}
Session ID: a7b030cbe2fe4d44351c4701faec5d18
at org.openqa.selenium.support.ui.WebDriverWait.timeoutException(WebDriverWait.java:87)
at org.openqa.selenium.support.ui.FluentWait.until(FluentWait.java:231)
at utils.ElementUtils.waitForExactNumberOfElements(ElementUtils.java:261)
at pages.VendorOrdersPage.isSingleSearchResultPresent(VendorOrdersPage.java:102)
at tests.WednesdaySheetTest.verifyCreateMemoOfferWithSingleStoneAndAcceptFromSeller(WednesdaySheetTest.java:49)
at java.base/jdk.internal.reflect.DirectMethodHandleAccessor.invoke(DirectMethodHandleAccessor.java:103)
at java.base/java.lang.reflect.Method.invoke(Method.java:580)
at org.testng.internal.MethodInvocationHelper.invokeMethod(MethodInvocationHelper.java:124)
at org.testng.internal.Invoker.invokeMethod(Invoker.java:583)
at org.testng.internal.Invoker.invokeTestMethod(Invoker.java:719)
at org.testng.internal.Invoker.invokeTestMethods(Invoker.java:989)
at org.testng.internal.TestMethodWorker.invokeTestMethods(TestMethodWorker.java:125)
at org.testng.internal.TestMethodWorker.run(TestMethodWorker.java:109)
at org.testng.TestRunner.privateRun(TestRunner.java:648)
at org.testng.TestRunner.run(TestRunner.java:505)
at org.testng.SuiteRunner.runTest(SuiteRunner.java:455)
at org.testng.SuiteRunner.runSequentially(SuiteRunner.java:450)
at org.testng.SuiteRunner.privateRun(SuiteRunner.java:415)
at org.testng.SuiteRunner.run(SuiteRunner.java:364)
at org.testng.SuiteRunnerWorker.runSuite(SuiteRunnerWorker.java:52)
at org.testng.SuiteRunnerWorker.run(SuiteRunnerWorker.java:84)
at org.testng.TestNG.runSuitesSequentially(TestNG.java:1208)
at org.testng.TestNG.runSuitesLocally(TestNG.java:1137)
at org.testng.TestNG.runSuites(TestNG.java:1049)
at org.testng.TestNG.run(TestNG.java:1017)
at org.testng.remote.AbstractRemoteTestNG.run(AbstractRemoteTestNG.java:115)
at org.testng.remote.RemoteTestNG.initAndRun(RemoteTestNG.java:293)
at org.testng.remote.RemoteTestNG.main(RemoteTestNG.java:91)
]]>
    </error>
  </testcase> <!-- verifyCreateMemoOfferWithSingleStoneAndAcceptFromSeller -->
  <testcase classname="tests.WednesdaySheetTest" name="verifyCreateMemoOfferWithSingleStoneAndRejectFromSeller" time="64.479"/>
  <testcase classname="tests.WednesdaySheetTest" name="verifyReturnTheMemoStone">
    <skipped/>
  </testcase> <!-- verifyReturnTheMemoStone -->
  <testcase classname="tests.WednesdaySheetTest" name="verifyCreateBidOfferWithSingleStoneAndAcceptFromSeller">
    <skipped/>
  </testcase> <!-- verifyCreateBidOfferWithSingleStoneAndAcceptFromSeller -->
  <testcase classname="tests.WednesdaySheetTest" name="verifyBuyTheMemoStone">
    <skipped/>
  </testcase> <!-- verifyBuyTheMemoStone -->
  <testcase classname="tests.WednesdaySheetTest" name="verifyCreateBidOfferWithSingleStoneAndRejectFromSeller">
    <skipped/>
  </testcase> <!-- verifyCreateBidOfferWithSingleStoneAndRejectFromSeller -->
  <testcase classname="tests.WednesdaySheetTest" name="VerifyAddQcAndCreateOrderWithQCAndNonQCStone">
    <skipped/>
  </testcase> <!-- VerifyAddQcAndCreateOrderWithQCAndNonQCStone -->
</testsuite> <!-- tests.WednesdaySheetTest -->
